Collecting opencv-python==4.8.0.76 (from -r requirements.txt (line 1))
  Using cached opencv_python-4.8.0.76-cp37-abi3-win_amd64.whl.metadata (20 kB)
Collecting mediapipe==0.10.5 (from -r requirements.txt (line 2))
  Using cached mediapipe-0.10.5-cp310-cp310-win_amd64.whl.metadata (9.8 kB)
Collecting pyautogui==0.9.53 (from -r requirements.txt (line 3))
  Using cached PyAutoGUI-0.9.53.tar.gz (59 kB)
  Installing build dependencies: started
  Installing build dependencies: finished with status 'done'
  Getting requirements to build wheel: started
  Getting requirements to build wheel: finished with status 'done'
  Preparing metadata (pyproject.toml): started
  Preparing metadata (pyproject.toml): finished with status 'done'
Requirement already satisfied: numpy>=1.21.2 in c:\users\het patel\appdata\local\programs\python\python310\lib\site-packages (from opencv-python==4.8.0.76->-r requirements.txt (line 1)) (2.2.6)
Collecting absl-py (from mediapipe==0.10.5->-r requirements.txt (line 2))
  Using cached absl_py-2.4.0-py3-none-any.whl.metadata (3.3 kB)
Collecting attrs>=19.1.0 (from mediapipe==0.10.5->-r requirements.txt (line 2))
  Using cached attrs-26.1.0-py3-none-any.whl.metadata (8.8 kB)
Requirement already satisfied: flatbuffers>=2.0 in c:\users\het patel\appdata\local\programs\python\python310\lib\site-packages (from mediapipe==0.10.5->-r requirements.txt (line 2)) (25.12.19)
Requirement already satisfied: matplotlib in c:\users\het patel\appdata\local\programs\python\python310\lib\site-packages (from mediapipe==0.10.5->-r requirements.txt (line 2)) (3.10.8)
Collecting opencv-contrib-python (from mediapipe==0.10.5->-r requirements.txt (line 2))
  Using cached opencv_contrib_python-4.13.0.92-cp37-abi3-win_amd64.whl.metadata (20 kB)
Collecting protobuf<4,>=3.11 (from mediapipe==0.10.5->-r requirements.txt (line 2))
  Using cached protobuf-3.20.3-cp310-cp310-win_amd64.whl.metadata (698 bytes)
Collecting sounddevice>=0.4.4 (from mediapipe==0.10.5->-r requirements.txt (line 2))
  Using cached sounddevice-0.5.5-py3-none-win_amd64.whl.metadata (1.4 kB)
Collecting pymsgbox (from pyautogui==0.9.53->-r requirements.txt (line 3))
  Using cached pymsgbox-2.0.1-py3-none-any.whl.metadata (4.4 kB)
Collecting PyTweening>=1.0.1 (from pyautogui==0.9.53->-r requirements.txt (line 3))
  Using cached pytweening-1.2.0.tar.gz (171 kB)
  Installing build dependencies: started
  Installing build dependencies: finished with status 'done'
  Getting requirements to build wheel: started
  Getting requirements to build wheel: finished with status 'done'
  Preparing metadata (pyproject.toml): started
  Preparing metadata (pyproject.toml): finished with status 'done'
Collecting pyscreeze>=0.1.21 (from pyautogui==0.9.53->-r requirements.txt (line 3))
  Using cached pyscreeze-1.0.1.tar.gz (27 kB)
  Installing build dependencies: started
  Installing build dependencies: finished with status 'done'
  Getting requirements to build wheel: started
  Getting requirements to build wheel: finished with status 'done'
  Preparing metadata (pyproject.toml): started
  Preparing metadata (pyproject.toml): finished with status 'done'
Collecting pygetwindow>=0.0.5 (from pyautogui==0.9.53->-r requirements.txt (line 3))
  Using cached PyGetWindow-0.0.9.tar.gz (9.7 kB)
  Installing build dependencies: started
  Installing build dependencies: finished with status 'done'
  Getting requirements to build wheel: started
  Getting requirements to build wheel: finished with status 'done'
  Preparing metadata (pyproject.toml): started
  Preparing metadata (pyproject.toml): finished with status 'done'
Collecting mouseinfo (from pyautogui==0.9.53->-r requirements.txt (line 3))
  Using cached MouseInfo-0.1.3.tar.gz (10 kB)
  Installing build dependencies: started
  Installing build dependencies: finished with status 'done'
  Getting requirements to build wheel: started
  Getting requirements to build wheel: finished with status 'done'
  Preparing metadata (pyproject.toml): started
  Preparing metadata (pyproject.toml): finished with status 'done'
Collecting pyrect (from pygetwindow>=0.0.5->pyautogui==0.9.53->-r requirements.txt (line 3))
  Using cached PyRect-0.2.0.tar.gz (17 kB)
  Installing build dependencies: started
  Installing build dependencies: finished with status 'done'
  Getting requirements to build wheel: started
  Getting requirements to build wheel: finished with status 'done'
  Preparing metadata (pyproject.toml): started
  Preparing metadata (pyproject.toml): finished with status 'done'
Requirement already satisfied: Pillow>=9.2.0 in c:\users\het patel\appdata\local\programs\python\python310\lib\site-packages (from pyscreeze>=0.1.21->pyautogui==0.9.53->-r requirements.txt (line 3)) (12.1.0)
Collecting cffi (from sounddevice>=0.4.4->mediapipe==0.10.5->-r requirements.txt (line 2))
  Using cached cffi-2.0.0-cp310-cp310-win_amd64.whl.metadata (2.6 kB)
Collecting pycparser (from cffi->sounddevice>=0.4.4->mediapipe==0.10.5->-r requirements.txt (line 2))
  Using cached pycparser-3.0-py3-none-any.whl.metadata (8.2 kB)
Requirement already satisfied: contourpy>=1.0.1 in c:\users\het patel\appdata\local\programs\python\python310\lib\site-packages (from matplotlib->mediapipe==0.10.5->-r requirements.txt (line 2)) (1.3.2)
Requirement already satisfied: cycler>=0.10 in c:\users\het patel\appdata\local\programs\python\python310\lib\site-packages (from matplotlib->mediapipe==0.10.5->-r requirements.txt (line 2)) (0.12.1)
Requirement already satisfied: fonttools>=4.22.0 in c:\users\het patel\appdata\local\programs\python\python310\lib\site-packages (from matplotlib->mediapipe==0.10.5->-r requirements.txt (line 2)) (4.61.1)
Requirement already satisfied: kiwisolver>=1.3.1 in c:\users\het patel\appdata\local\programs\python\python310\lib\site-packages (from matplotlib->mediapipe==0.10.5->-r requirements.txt (line 2)) (1.4.9)
Requirement already satisfied: packaging>=20.0 in c:\users\het patel\appdata\local\programs\python\python310\lib\site-packages (from matplotlib->mediapipe==0.10.5->-r requirements.txt (line 2)) (26.0)
Requirement already satisfied: pyparsing>=3 in c:\users\het patel\appdata\local\programs\python\python310\lib\site-packages (from matplotlib->mediapipe==0.10.5->-r requirements.txt (line 2)) (3.3.2)
Requirement already satisfied: python-dateutil>=2.7 in c:\users\het patel\appdata\local\programs\python\python310\lib\site-packages (from matplotlib->mediapipe==0.10.5->-r requirements.txt (line 2)) (2.9.0.post0)
Requirement already satisfied: six>=1.5 in c:\users\het patel\appdata\local\programs\python\python310\lib\site-packages (from python-dateutil>=2.7->matplotlib->mediapipe==0.10.5->-r requirements.txt (line 2)) (1.17.0)
Collecting pyperclip (from mouseinfo->pyautogui==0.9.53->-r requirements.txt (line 3))
  Using cached pyperclip-1.11.0-py3-none-any.whl.metadata (2.4 kB)
Downloading opencv_python-4.8.0.76-cp37-abi3-win_amd64.whl (38.1 MB)
   ---------------------------------------- 38.1/38.1 MB 101.8 kB/s  0:05:26
Downloading mediapipe-0.10.5-cp310-cp310-win_amd64.whl (50.3 MB)
   ---------------------------------------- 50.3/50.3 MB 1.3 MB/s  0:01:14
Using cached protobuf-3.20.3-cp310-cp310-win_amd64.whl (904 kB)
Using cached attrs-26.1.0-py3-none-any.whl (67 kB)
Using cached sounddevice-0.5.5-py3-none-win_amd64.whl (365 kB)
Using cached absl_py-2.4.0-py3-none-any.whl (135 kB)
Using cached cffi-2.0.0-cp310-cp310-win_amd64.whl (182 kB)
Downloading opencv_contrib_python-4.13.0.92-cp37-abi3-win_amd64.whl (46.5 MB)
   ---------------------------------------- 46.5/46.5 MB 2.1 MB/s  0:00:22
Using cached pycparser-3.0-py3-none-any.whl (48 kB)
Using cached pymsgbox-2.0.1-py3-none-any.whl (10.0 kB)
Using cached pyperclip-1.11.0-py3-none-any.whl (11 kB)
Building wheels for collected packages: pyautogui, pygetwindow, pyscreeze, PyTweening, mouseinfo, pyrect
  Building wheel for pyautogui (pyproject.toml): started
  Building wheel for pyautogui (pyproject.toml): finished with status 'done'
  Created wheel for pyautogui: filename=pyautogui-0.9.53-py3-none-any.whl size=36733 sha256=d09c96293fe0f8aa7c89b364ca50dd54133b340aa07af09a6822262e35939298
  Stored in directory: c:\users\het patel\appdata\local\pip\cache\wheels\00\4e\de\0f11ae7571af9af4e5a9e8fa4a8ad2ad5cb6bc07ef57d843de
  Building wheel for pygetwindow (pyproject.toml): started
  Building wheel for pygetwindow (pyproject.toml): finished with status 'done'
  Created wheel for pygetwindow: filename=pygetwindow-0.0.9-py3-none-any.whl size=11134 sha256=0e41bd2eb7e81bdce4b5cbaecd9647b11fabd3cae77cb3e1e4d0d47c7a9c19e5
  Stored in directory: c:\users\het patel\appdata\local\pip\cache\wheels\02\f6\64\c5d427819f80553df2398bfecc351e94e00371c1dcb6edb24e
  Building wheel for pyscreeze (pyproject.toml): started
  Building wheel for pyscreeze (pyproject.toml): finished with status 'done'
  Created wheel for pyscreeze: filename=pyscreeze-1.0.1-py3-none-any.whl size=14479 sha256=78622255d27eddaccd519cfd9314dc86d9564c6b159e6be65d6f3d23282a4a2c
  Stored in directory: c:\users\het patel\appdata\local\pip\cache\wheels\61\bb\e6\638ce7843ec76f69155decf3a8f2c0ef0e6afc53fc9e09c7e8
  Building wheel for PyTweening (pyproject.toml): started
  Building wheel for PyTweening (pyproject.toml): finished with status 'done'
  Created wheel for PyTweening: filename=pytweening-1.2.0-py3-none-any.whl size=8134 sha256=1d743eac870911695eddde69e93a6b0606aba1d71d2452cc2c6abd6c85590395
  Stored in directory: c:\users\het patel\appdata\local\pip\cache\wheels\22\d7\02\b3e395d93b6dd41a7da54b2fa738ec03e7fb7451f7f22f8213
  Building wheel for mouseinfo (pyproject.toml): started
  Building wheel for mouseinfo (pyproject.toml): finished with status 'done'
  Created wheel for mouseinfo: filename=mouseinfo-0.1.3-py3-none-any.whl size=10966 sha256=39b08f25e872028d3a4e8fd2c6d5509ac2f480727f12ae0ce20e18478a34f5db
  Stored in directory: c:\users\het patel\appdata\local\pip\cache\wheels\6e\d5\27\2f1be84b3e6ccee99c82f50e3fe7fe6360dd30417109b49a72
  Building wheel for pyrect (pyproject.toml): started
  Building wheel for pyrect (pyproject.toml): finished with status 'done'
  Created wheel for pyrect: filename=pyrect-0.2.0-py2.py3-none-any.whl size=11304 sha256=af6f5473e246ddea1efee643d0508a735c90c85030fb8204a46d15ac71c07c7a
  Stored in directory: c:\users\het patel\appdata\local\pip\cache\wheels\d5\4c\bd\42e4e23641afcd185d4e932784da37e6e04505da0cf3f7b832
Successfully built pyautogui pygetwindow pyscreeze PyTweening mouseinfo pyrect
WARNING: Error parsing dependencies of opencv-python: [Errno 2] No such file or directory: 'c:\\users\\het patel\\appdata\\local\\programs\\python\\python310\\lib\\site-packages\\opencv_python-4.13.0.90.dist-info\\METADATA'
WARNING: Error parsing dependencies of protobuf: [Errno 2] No such file or directory: 'c:\\users\\het patel\\appdata\\local\\programs\\python\\python310\\lib\\site-packages\\protobuf-6.33.4.dist-info\\METADATA'
Installing collected packages: PyTweening, pyrect, pyperclip, pyscreeze, pymsgbox, pygetwindow, pycparser, protobuf, opencv-python, opencv-contrib-python, mouseinfo, attrs, absl-py, pyautogui, cffi, sounddevice, mediapipe
  Attempting uninstall: protobuf
    WARNING: No metadata found in c:\users\het patel\appdata\local\programs\python\python310\lib\site-packages
    Found existing installation: protobuf 6.33.4
    Can't uninstall 'protobuf'. No files were found to uninstall.
  Attempting uninstall: opencv-python
    WARNING: No metadata found in c:\users\het patel\appdata\local\programs\python\python310\lib\site-packages
    Found existing installation: opencv-python 4.13.0.90
    Can't uninstall 'opencv-python'. No files were found to uninstall.

ERROR: pip's dependency resolver does not currently take into account all the packages that are installed. This behaviour is the source of the following dependency conflicts.
onnx 1.20.1 requires protobuf>=4.25.1, but you have protobuf 3.20.3 which is incompatible.
Successfully installed PyTweening-1.2.0 absl-py-2.4.0 attrs-26.1.0 cffi-2.0.0 mediapipe-0.10.5 mouseinfo-0.1.3 opencv-contrib-python-4.13.0.92 opencv-python-4.8.0.76 protobuf-3.20.3 pyautogui-0.9.53 pycparser-3.0 pygetwindow-0.0.9 pymsgbox-2.0.1 pyperclip-1.11.0 pyrect-0.2.0 pyscreeze-1.0.1 sounddevice-0.5.5
